<?xml version="1.0" encoding="UTF-8"?>
<!-- Generated by org.testng.reporters.JUnitReportReporter -->
<testsuite hostname="SBASU" failures="0" tests="2" name="TestNGMethods.GoogleSearchPgAction2" time="17.186" errors="0" timestamp="2023-03-13T23:31:51 EDT" skipped="0">
  <testcase classname="TestNGMethods.GoogleSearchPgAction2" name="SearchPlanes" time="9.749"/>
  <system-out/>
  <testcase classname="TestNGMethods.GoogleSearchPgAction2" name="SearchTrains" time="7.437"/>
  <system-out/>
</testsuite> <!-- TestNGMethods.GoogleSearchPgAction2 -->
